2017-10-23 13:31:20 [main] INFO  kz.pinnger.pinger.PingerApplication - Starting PingerApplication on ASTWS42123 with PID 6584 (C:\Users\n.kalenov\Desktop\Project\gep_admin_new_life\Gep_Pinger\target\classes started by N.KALENOV in C:\Users\n.kalenov\Desktop\Project\gep_admin_new_life\Gep_Pinger)
2017-10-23 13:31:20 [main] INFO  kz.pinnger.pinger.PingerApplication - No active profile set, falling back to default profiles: default
2017-10-23 13:31:20 [main] INFO  o.s.c.a.AnnotationConfigApplicationContext - Refreshing org.springframework.context.annotation.AnnotationConfigApplicationContext@2e4b8173: startup date [Mon Oct 23 13:31:20 MSK 2017]; root of context hierarchy
2017-10-23 13:31:20 [main] INFO  o.s.b.f.a.AutowiredAnnotationBeanPostProcessor - JSR-330 'javax.inject.Inject' annotation found and supported for autowiring
2017-10-23 13:31:21 [main] INFO  o.s.j.e.a.AnnotationMBeanExporter - Registering beans for JMX exposure on startup
2017-10-23 13:31:21 [main] INFO  o.s.s.a.ScheduledAnnotationBeanPostProcessor - No TaskScheduler/ScheduledExecutorService bean found for scheduled processing
2017-10-23 13:31:21 [main] INFO  kz.pinnger.pinger.PingerApplication - Started PingerApplication in 1.206 seconds (JVM running for 1.606)
2017-10-23 13:31:54 [main] INFO  kz.pinnger.pinger.PingerApplication - Starting PingerApplication on ASTWS42123 with PID 6412 (C:\Users\n.kalenov\Desktop\Project\gep_admin_new_life\Gep_Pinger\target\classes started by N.KALENOV in C:\Users\n.kalenov\Desktop\Project\gep_admin_new_life\Gep_Pinger)
2017-10-23 13:31:54 [main] INFO  kz.pinnger.pinger.PingerApplication - No active profile set, falling back to default profiles: default
2017-10-23 13:31:54 [main] INFO  o.s.c.a.AnnotationConfigApplicationContext - Refreshing org.springframework.context.annotation.AnnotationConfigApplicationContext@2e4b8173: startup date [Mon Oct 23 13:31:54 MSK 2017]; root of context hierarchy
2017-10-23 13:31:54 [main] INFO  o.s.b.f.a.AutowiredAnnotationBeanPostProcessor - JSR-330 'javax.inject.Inject' annotation found and supported for autowiring
2017-10-23 13:31:55 [main] INFO  o.s.j.e.a.AnnotationMBeanExporter - Registering beans for JMX exposure on startup
2017-10-23 13:31:55 [main] INFO  o.s.s.a.ScheduledAnnotationBeanPostProcessor - No TaskScheduler/ScheduledExecutorService bean found for scheduled processing
2017-10-23 13:31:55 [main] INFO  kz.pinnger.pinger.PingerApplication - Started PingerApplication in 1.137 seconds (JVM running for 1.559)
2017-10-23 13:34:31 [main] INFO  kz.pinnger.pinger.PingerApplication - Starting PingerApplication on ASTWS42123 with PID 4948 (C:\Users\n.kalenov\Desktop\Project\gep_admin_new_life\Gep_Pinger\target\classes started by N.KALENOV in C:\Users\n.kalenov\Desktop\Project\gep_admin_new_life\Gep_Pinger)
2017-10-23 13:34:31 [main] INFO  kz.pinnger.pinger.PingerApplication - No active profile set, falling back to default profiles: default
2017-10-23 13:34:31 [main] INFO  o.s.c.a.AnnotationConfigApplicationContext - Refreshing org.springframework.context.annotation.AnnotationConfigApplicationContext@2e4b8173: startup date [Mon Oct 23 13:34:31 MSK 2017]; root of context hierarchy
2017-10-23 13:34:31 [main] INFO  o.s.b.f.a.AutowiredAnnotationBeanPostProcessor - JSR-330 'javax.inject.Inject' annotation found and supported for autowiring
2017-10-23 13:34:32 [main] INFO  o.s.j.e.a.AnnotationMBeanExporter - Registering beans for JMX exposure on startup
2017-10-23 13:34:32 [main] INFO  o.s.s.a.ScheduledAnnotationBeanPostProcessor - No TaskScheduler/ScheduledExecutorService bean found for scheduled processing
2017-10-23 13:34:32 [main] INFO  kz.pinnger.pinger.PingerApplication - Started PingerApplication in 1.168 seconds (JVM running for 1.573)
2017-10-23 13:35:48 [main] INFO  kz.pinnger.pinger.PingerApplication - Starting PingerApplication on ASTWS42123 with PID 5792 (C:\Users\n.kalenov\Desktop\Project\gep_admin_new_life\Gep_Pinger\target\classes started by N.KALENOV in C:\Users\n.kalenov\Desktop\Project\gep_admin_new_life\Gep_Pinger)
2017-10-23 13:35:48 [main] INFO  kz.pinnger.pinger.PingerApplication - No active profile set, falling back to default profiles: default
2017-10-23 13:35:48 [main] INFO  o.s.c.a.AnnotationConfigApplicationContext - Refreshing org.springframework.context.annotation.AnnotationConfigApplicationContext@2e4b8173: startup date [Mon Oct 23 13:35:48 MSK 2017]; root of context hierarchy
2017-10-23 13:35:48 [main] INFO  o.s.b.f.a.AutowiredAnnotationBeanPostProcessor - JSR-330 'javax.inject.Inject' annotation found and supported for autowiring
2017-10-23 13:35:49 [main] INFO  o.s.j.e.a.AnnotationMBeanExporter - Registering beans for JMX exposure on startup
2017-10-23 13:35:49 [main] INFO  o.s.s.a.ScheduledAnnotationBeanPostProcessor - No TaskScheduler/ScheduledExecutorService bean found for scheduled processing
2017-10-23 13:35:49 [main] INFO  kz.pinnger.pinger.PingerApplication - Started PingerApplication in 1.135 seconds (JVM running for 1.534)
2017-10-23 13:35:52 [wf Telegram Executor] INFO  kz.pinnger.pinger.services.PingerBot - Message{messageId=31, from=User{id=430387058, firstName='Nurislam', isBot=false, lastName='Kalenov', userName='chaknuris', languageCode='ru'}, date=1508754753, chat=Chat{id=430387058, type='private', title='null', firstName='Nurislam', lastName='Kalenov', userName='chaknuris', allMembersAreAdministrators=null, photo=null, description='null', inviteLink='null', pinnedMessage=null, stickerSetName='null', canSetStickerSet=null}, forwardFrom=null, forwardFromChat=null, forwardDate=null, text='/help', entities=[MessageEntity{type='bot_command', offset=0, length=5, url=null, user=null}], captionEntities=null, audio=null, document=null, photo=null, sticker=null, video=null, contact=null, location=null, venue=null, pinnedMessage=null, newChatMembers=null, leftChatMember=null, newChatTitle='null', newChatPhoto=null, deleteChatPhoto=null, groupchatCreated=null, replyToMessage=null, voice=null, caption='null', superGroupCreated=null, channelChatCreated=null, migrateToChatId=null, migrateFromChatId=null, editDate=null, game=null, forwardFromMessageId=null, invoice=null, successfulPayment=null, videoNote=null, authorSignature='null', forwardSignature='null'}
2017-10-23 13:36:50 [main] INFO  kz.pinnger.pinger.PingerApplication - Starting PingerApplication on ASTWS42123 with PID 4716 (C:\Users\n.kalenov\Desktop\Project\gep_admin_new_life\Gep_Pinger\target\classes started by N.KALENOV in C:\Users\n.kalenov\Desktop\Project\gep_admin_new_life\Gep_Pinger)
2017-10-23 13:36:50 [main] INFO  kz.pinnger.pinger.PingerApplication - No active profile set, falling back to default profiles: default
2017-10-23 13:36:50 [main] INFO  o.s.c.a.AnnotationConfigApplicationContext - Refreshing org.springframework.context.annotation.AnnotationConfigApplicationContext@2e4b8173: startup date [Mon Oct 23 13:36:50 MSK 2017]; root of context hierarchy
2017-10-23 13:36:50 [main] INFO  o.s.b.f.a.AutowiredAnnotationBeanPostProcessor - JSR-330 'javax.inject.Inject' annotation found and supported for autowiring
2017-10-23 13:36:51 [main] INFO  o.s.j.e.a.AnnotationMBeanExporter - Registering beans for JMX exposure on startup
2017-10-23 13:36:51 [main] INFO  o.s.s.a.ScheduledAnnotationBeanPostProcessor - No TaskScheduler/ScheduledExecutorService bean found for scheduled processing
2017-10-23 13:36:51 [main] INFO  kz.pinnger.pinger.PingerApplication - Started PingerApplication in 1.165 seconds (JVM running for 1.587)
2017-10-23 13:40:35 [main] INFO  kz.pinnger.pinger.PingerApplication - Starting PingerApplication on ASTWS42123 with PID 7152 (C:\Users\n.kalenov\Desktop\Project\gep_admin_new_life\Gep_Pinger\target\classes started by N.KALENOV in C:\Users\n.kalenov\Desktop\Project\gep_admin_new_life\Gep_Pinger)
2017-10-23 13:40:35 [main] INFO  kz.pinnger.pinger.PingerApplication - No active profile set, falling back to default profiles: default
2017-10-23 13:40:35 [main] INFO  o.s.c.a.AnnotationConfigApplicationContext - Refreshing org.springframework.context.annotation.AnnotationConfigApplicationContext@703580bf: startup date [Mon Oct 23 13:40:35 MSK 2017]; root of context hierarchy
2017-10-23 13:40:35 [main] INFO  o.s.b.f.a.AutowiredAnnotationBeanPostProcessor - JSR-330 'javax.inject.Inject' annotation found and supported for autowiring
2017-10-23 13:40:36 [main] INFO  o.s.j.e.a.AnnotationMBeanExporter - Registering beans for JMX exposure on startup
2017-10-23 13:40:36 [main] INFO  o.s.s.a.ScheduledAnnotationBeanPostProcessor - No TaskScheduler/ScheduledExecutorService bean found for scheduled processing
2017-10-23 13:40:36 [main] INFO  kz.pinnger.pinger.PingerApplication - Started PingerApplication in 1.158 seconds (JVM running for 1.539)
2017-10-23 13:41:06 [pool-2-thread-1] INFO  k.p.pinger.tasks.GepAdminServiceTask - statusZapros was send
2017-10-23 13:43:58 [main] INFO  kz.pinnger.pinger.PingerApplication - Starting PingerApplication on ASTWS42123 with PID 5080 (C:\Users\n.kalenov\Desktop\Project\gep_admin_new_life\Gep_Pinger\target\classes started by N.KALENOV in C:\Users\n.kalenov\Desktop\Project\gep_admin_new_life\Gep_Pinger)
2017-10-23 13:43:58 [main] INFO  kz.pinnger.pinger.PingerApplication - No active profile set, falling back to default profiles: default
2017-10-23 13:43:58 [main] INFO  o.s.c.a.AnnotationConfigApplicationContext - Refreshing org.springframework.context.annotation.AnnotationConfigApplicationContext@703580bf: startup date [Mon Oct 23 13:43:58 MSK 2017]; root of context hierarchy
2017-10-23 13:43:58 [main] INFO  o.s.b.f.a.AutowiredAnnotationBeanPostProcessor - JSR-330 'javax.inject.Inject' annotation found and supported for autowiring
2017-10-23 13:43:59 [main] INFO  o.s.j.e.a.AnnotationMBeanExporter - Registering beans for JMX exposure on startup
2017-10-23 13:43:59 [main] INFO  o.s.s.a.ScheduledAnnotationBeanPostProcessor - No TaskScheduler/ScheduledExecutorService bean found for scheduled processing
2017-10-23 13:43:59 [main] INFO  kz.pinnger.pinger.PingerApplication - Started PingerApplication in 1.143 seconds (JVM running for 1.536)
2017-10-23 13:45:16 [pinger_bot Telegram Executor] INFO  kz.pinnger.pinger.services.PingerBot - Message{messageId=34, from=User{id=430387058, firstName='Nurislam', isBot=false, lastName='Kalenov', userName='chaknuris', languageCode='ru'}, date=1508755515, chat=Chat{id=430387058, type='private', title='null', firstName='Nurislam', lastName='Kalenov', userName='chaknuris', allMembersAreAdministrators=null, photo=null, description='null', inviteLink='null', pinnedMessage=null, stickerSetName='null', canSetStickerSet=null}, forwardFrom=null, forwardFromChat=null, forwardDate=null, text='/help', entities=[MessageEntity{type='bot_command', offset=0, length=5, url=null, user=null}], captionEntities=null, audio=null, document=null, photo=null, sticker=null, video=null, contact=null, location=null, venue=null, pinnedMessage=null, newChatMembers=null, leftChatMember=null, newChatTitle='null', newChatPhoto=null, deleteChatPhoto=null, groupchatCreated=null, replyToMessage=null, voice=null, caption='null', superGroupCreated=null, channelChatCreated=null, migrateToChatId=null, migrateFromChatId=null, editDate=null, game=null, forwardFromMessageId=null, invoice=null, successfulPayment=null, videoNote=null, authorSignature='null', forwardSignature='null'}
2017-10-23 13:45:30 [main] INFO  kz.pinnger.pinger.PingerApplication - Starting PingerApplication on ASTWS42123 with PID 6852 (C:\Users\n.kalenov\Desktop\Project\gep_admin_new_life\Gep_Pinger\target\classes started by N.KALENOV in C:\Users\n.kalenov\Desktop\Project\gep_admin_new_life\Gep_Pinger)
2017-10-23 13:45:30 [main] INFO  kz.pinnger.pinger.PingerApplication - No active profile set, falling back to default profiles: default
2017-10-23 13:45:30 [main] INFO  o.s.c.a.AnnotationConfigApplicationContext - Refreshing org.springframework.context.annotation.AnnotationConfigApplicationContext@703580bf: startup date [Mon Oct 23 13:45:30 MSK 2017]; root of context hierarchy
2017-10-23 13:45:30 [main] INFO  o.s.b.f.a.AutowiredAnnotationBeanPostProcessor - JSR-330 'javax.inject.Inject' annotation found and supported for autowiring
2017-10-23 13:45:31 [main] INFO  o.s.j.e.a.AnnotationMBeanExporter - Registering beans for JMX exposure on startup
2017-10-23 13:45:31 [main] INFO  o.s.s.a.ScheduledAnnotationBeanPostProcessor - No TaskScheduler/ScheduledExecutorService bean found for scheduled processing
2017-10-23 13:45:31 [main] INFO  kz.pinnger.pinger.PingerApplication - Started PingerApplication in 1.154 seconds (JVM running for 1.54)
2017-10-23 13:45:41 [pinger_bot Telegram Executor] INFO  kz.pinnger.pinger.services.PingerBot - Message{messageId=37, from=User{id=430387058, firstName='Nurislam', isBot=false, lastName='Kalenov', userName='chaknuris', languageCode='ru'}, date=1508755541, chat=Chat{id=430387058, type='private', title='null', firstName='Nurislam', lastName='Kalenov', userName='chaknuris', allMembersAreAdministrators=null, photo=null, description='null', inviteLink='null', pinnedMessage=null, stickerSetName='null', canSetStickerSet=null}, forwardFrom=null, forwardFromChat=null, forwardDate=null, text='/help', entities=[MessageEntity{type='bot_command', offset=0, length=5, url=null, user=null}], captionEntities=null, audio=null, document=null, photo=null, sticker=null, video=null, contact=null, location=null, venue=null, pinnedMessage=null, newChatMembers=null, leftChatMember=null, newChatTitle='null', newChatPhoto=null, deleteChatPhoto=null, groupchatCreated=null, replyToMessage=null, voice=null, caption='null', superGroupCreated=null, channelChatCreated=null, migrateToChatId=null, migrateFromChatId=null, editDate=null, game=null, forwardFromMessageId=null, invoice=null, successfulPayment=null, videoNote=null, authorSignature='null', forwardSignature='null'}
